Fri Oct 10 09:52:53 AM PDT 2025: Server started
Fri Oct 10 11:08:04 AM PDT 2025: Using existing tmux session mobile-terminal
Fri Oct 10 11:08:04 AM PDT 2025: Starting ttyd on port 7683 with TLS
Fri Oct 10 11:08:04 AM PDT 2025: Server started with ttyd PID 289139
Fri Oct 10 11:08:12 AM PDT 2025: Using existing tmux session mobile-terminal
Fri Oct 10 11:08:12 AM PDT 2025: Starting ttyd on port 7683 with TLS
Fri Oct 10 11:08:12 AM PDT 2025: Server started with ttyd PID 289284
Fri Oct 10 11:12:31 AM PDT 2025: Using existing tmux session mobile-terminal
Fri Oct 10 11:12:31 AM PDT 2025: Starting ttyd on port 7683
Fri Oct 10 11:12:31 AM PDT 2025: Server started with ttyd PID 290711
Fri Oct 10 12:21:41 PM PDT 2025: Using existing tmux session mobile-terminal
Fri Oct 10 12:21:41 PM PDT 2025: Starting ttyd on port 7683 with CORS
Fri Oct 10 12:21:41 PM PDT 2025: Server started with ttyd PID 313836
Fri Oct 10 12:37:23 PM PDT 2025: Using existing tmux session mobile-terminal
Fri Oct 10 12:37:23 PM PDT 2025: Starting ttyd on port 7683
Fri Oct 10 12:37:23 PM PDT 2025: Server started with ttyd PID 319290
Fri Oct 10 12:37:36 PM PDT 2025: Using existing tmux session mobile-terminal
Fri Oct 10 12:37:36 PM PDT 2025: Starting ttyd on port 7683
Fri Oct 10 12:37:36 PM PDT 2025: Server started with ttyd PID 319473
Tue Oct 14 12:55:40 PM PDT 2025: Using existing tmux session mobile-terminal
Tue Oct 14 12:55:40 PM PDT 2025: Starting ttyd on port 7683
Tue Oct 14 12:55:40 PM PDT 2025: Server started with ttyd PID 1349817
Tue Oct 14 01:20:08 PM PDT 2025: Using existing tmux session mobile-terminal
Tue Oct 14 01:20:08 PM PDT 2025: Starting ttyd on port 7683
Tue Oct 14 01:20:08 PM PDT 2025: Server started with ttyd PID 1355674
Tue Oct 14 01:20:19 PM PDT 2025: Using existing tmux session mobile-terminal
Tue Oct 14 01:20:19 PM PDT 2025: Starting ttyd on port 7683
Tue Oct 14 01:20:19 PM PDT 2025: Server started with ttyd PID 1355791
Tue Oct 14 01:35:38 PM PDT 2025: Using existing tmux session mobile-terminal
Tue Oct 14 01:35:38 PM PDT 2025: Starting ttyd on port 7683
Tue Oct 14 01:35:38 PM PDT 2025: Server started with ttyd PID 1359024
Tue Oct 14 01:35:46 PM PDT 2025: Creating new tmux session mobile-terminal
Tue Oct 14 01:35:46 PM PDT 2025: Starting ttyd on port 7683
Tue Oct 14 01:35:46 PM PDT 2025: Server started with ttyd PID 1359765
Tue Oct 14 01:35:54 PM PDT 2025: Using existing tmux session mobile-terminal
Tue Oct 14 01:35:54 PM PDT 2025: Starting ttyd on port 7683
Tue Oct 14 01:35:54 PM PDT 2025: Server started with ttyd PID 1359840
Tue Oct 14 01:40:07 PM PDT 2025: Using existing tmux session mobile-terminal
Tue Oct 14 01:40:07 PM PDT 2025: Starting ttyd on port 7683
Tue Oct 14 01:40:07 PM PDT 2025: Server started with ttyd PID 1360792
Tue Oct 14 01:40:08 PM PDT 2025: Using existing tmux session mobile-terminal
Tue Oct 14 01:40:08 PM PDT 2025: Starting ttyd on port 7683
Tue Oct 14 01:40:08 PM PDT 2025: Server started with ttyd PID 1360803
Tue Oct 14 02:31:19 PM PDT 2025: Starting ttyd on port 8083 with bash
Tue Oct 14 02:31:19 PM PDT 2025: Server started with ttyd PID 1372580
Tue Oct 14 02:58:46 PM PDT 2025: Starting ttyd on port 8083 with bash
Tue Oct 14 02:58:46 PM PDT 2025: Server started with ttyd PID 1380389
Wed Oct 15 10:06:35 AM PDT 2025: Starting ttyd on port 8083 with bash
Wed Oct 15 10:06:35 AM PDT 2025: Server started with ttyd PID 1615846
Wed Oct 15 10:35:41 AM PDT 2025: Starting ttyd on port 8083 with bash over HTTPS
Wed Oct 15 10:35:41 AM PDT 2025: Server started with ttyd PID 1622286
Wed Oct 15 11:04:15 AM PDT 2025: Starting ttyd on port 8083 with bash over HTTPS
Wed Oct 15 11:04:15 AM PDT 2025: Server started with ttyd PID 1633763
Wed Oct 15 11:14:08 AM PDT 2025: Starting ttyd on port 8083 with bash over HTTPS
Wed Oct 15 11:14:08 AM PDT 2025: Server started with ttyd PID 1635735
Wed Oct 15 11:17:10 AM PDT 2025: Starting ttyd on port 8083 with bash over HTTPS
Wed Oct 15 11:17:10 AM PDT 2025: Server started with ttyd PID 1636484
Wed Oct 15 11:22:13 AM PDT 2025: Starting ttyd on port 8083 with bash over HTTPS
Wed Oct 15 11:22:13 AM PDT 2025: Server started with ttyd PID 1637495
Wed Oct 15 11:22:13 AM PDT 2025: Starting ttyd on port 8083 with bash over HTTPS
Wed Oct 15 11:22:13 AM PDT 2025: Server started with ttyd PID 1637503
Wed Oct 15 11:22:53 AM PDT 2025: Starting ttyd on port 8083 with bash over HTTPS
Wed Oct 15 11:22:53 AM PDT 2025: Starting ttyd on port 8083 with bash over HTTPS
Wed Oct 15 11:22:53 AM PDT 2025: Server started with ttyd PID 1637680
Wed Oct 15 11:22:53 AM PDT 2025: Server started with ttyd PID 1637682
Wed Oct 15 11:23:05 AM PDT 2025: Starting ttyd on port 8083 with bash over HTTPS
Wed Oct 15 11:23:05 AM PDT 2025: Server started with ttyd PID 1637708
Wed Oct 15 11:23:05 AM PDT 2025: Starting ttyd on port 8083 with bash over HTTPS
Wed Oct 15 11:23:05 AM PDT 2025: Server started with ttyd PID 1637714
Wed Oct 15 12:07:33 PM PDT 2025: Starting ttyd on port 8083 with bash over HTTPS
Wed Oct 15 12:07:33 PM PDT 2025: Server started with ttyd PID 1648008
Wed Oct 15 12:34:52 PM PDT 2025: Starting ttyd on port 8083 with bash over HTTPS
Wed Oct 15 12:34:52 PM PDT 2025: Server started with ttyd PID 1655313
Wed Oct 15 12:39:49 PM PDT 2025: Starting ttyd on port 8083 with bash over HTTP
Wed Oct 15 12:39:49 PM PDT 2025: Server started with ttyd PID 1656553
Wed Oct 15 12:39:49 PM PDT 2025: Starting ttyd on port 8083 with bash over HTTP
Wed Oct 15 12:39:49 PM PDT 2025: Server started with ttyd PID 1656556
Wed Oct 15 12:39:55 PM PDT 2025: Starting ttyd on port 8083 with bash over HTTP
Wed Oct 15 12:39:55 PM PDT 2025: Server started with ttyd PID 1656587
Wed Oct 15 12:40:03 PM PDT 2025: Starting ttyd on port 8083 with bash over HTTP
Wed Oct 15 12:40:03 PM PDT 2025: Server started with ttyd PID 1656622
Wed Oct 15 12:40:03 PM PDT 2025: Starting ttyd on port 8083 with bash over HTTP
Wed Oct 15 12:40:03 PM PDT 2025: Server started with ttyd PID 1656628
Wed Oct 15 12:40:16 PM PDT 2025: Starting ttyd on port 8083 with bash over HTTP
Wed Oct 15 12:40:16 PM PDT 2025: Server started with ttyd PID 1656740
Wed Oct 15 12:40:16 PM PDT 2025: Starting ttyd on port 8083 with bash over HTTP
Wed Oct 15 12:40:16 PM PDT 2025: Server started with ttyd PID 1656743
Wed Oct 15 12:40:34 PM PDT 2025: Starting ttyd on port 8084 with bash over HTTP
Wed Oct 15 12:40:34 PM PDT 2025: Server started with ttyd PID 1656798
Wed Oct 15 12:46:40 PM PDT 2025: Starting ttyd on port 8084 with bash over HTTP
Wed Oct 15 12:46:40 PM PDT 2025: Server started with ttyd PID 1658265
Wed Oct 15 12:46:52 PM PDT 2025: Starting ttyd on port 8084 with bash over HTTP
Wed Oct 15 12:46:52 PM PDT 2025: Server started with ttyd PID 1658303
Wed Oct 15 12:47:09 PM PDT 2025: Starting ttyd on port 3000 with bash over HTTP
Wed Oct 15 12:47:09 PM PDT 2025: Server started with ttyd PID 1658344
Wed Oct 15 12:58:57 PM PDT 2025: Starting ttyd on port 3000 with bash over HTTP
Wed Oct 15 12:58:57 PM PDT 2025: Server started with ttyd PID 1661095
Wed Oct 15 12:59:08 PM PDT 2025: Starting ttyd on port 3000 with bash over HTTP
Wed Oct 15 12:59:08 PM PDT 2025: Server started with ttyd PID 1661118
Wed Oct 15 04:54:55 PM PDT 2025: Starting ttyd on port 3000 with bash over HTTP
Wed Oct 15 04:54:55 PM PDT 2025: Server started with ttyd PID 1710649
Wed Oct 15 04:56:53 PM PDT 2025: Starting ttyd on port 3000 with bash over HTTP
Wed Oct 15 04:56:53 PM PDT 2025: Server started with ttyd PID 1711255
Wed Oct 15 04:59:10 PM PDT 2025: Starting ttyd on port 3000 with bash over HTTP
Wed Oct 15 04:59:10 PM PDT 2025: Server started with ttyd PID 1711730
Wed Oct 15 05:21:29 PM PDT 2025: Starting ttyd on port 3000 with bash over HTTPS
Wed Oct 15 05:21:29 PM PDT 2025: Server started with ttyd PID 1718374
Wed Oct 15 05:24:31 PM PDT 2025: Starting ttyd on port 3000 with bash over HTTPS
Wed Oct 15 05:24:31 PM PDT 2025: Server started with ttyd PID 1719184
Wed Oct 15 05:27:34 PM PDT 2025: Starting ttyd on port 3000 with bash over HTTPS
Wed Oct 15 05:27:34 PM PDT 2025: Server started with ttyd PID 1719896
Wed Oct 15 05:27:52 PM PDT 2025: Starting ttyd on port 3000 with bash over HTTPS
Wed Oct 15 05:27:52 PM PDT 2025: Server started with ttyd PID 1720019
Thu Oct 16 09:21:46 AM PDT 2025: Starting ttyd on port 8080 with bash over HTTPS
Thu Oct 16 09:21:46 AM PDT 2025: Server started with ttyd PID 1921426
Thu Oct 16 09:35:59 AM PDT 2025: Starting ttyd on port 8080 with bash over HTTPS
Thu Oct 16 09:35:59 AM PDT 2025: Server started with ttyd PID 1924673
Thu Oct 16 09:36:25 AM PDT 2025: Starting ttyd on port 9999 with bash over HTTPS
Thu Oct 16 09:36:25 AM PDT 2025: Server started with ttyd PID 1924816
Thu Oct 16 09:40:50 AM PDT 2025: Starting ttyd on port 9999 with bash over HTTPS
Thu Oct 16 09:40:50 AM PDT 2025: Server started with ttyd PID 1925976
